2024-06-10 19:08:42,572 - INFO - Loading the home page
2024-06-10 19:08:43,662 - INFO - Loading the home page
2024-06-10 19:08:47,970 - INFO - Loading the login page
2024-06-10 19:08:52,121 - INFO - Loading the register page
2024-06-10 19:09:20,910 - INFO - Loading the register page
2024-06-10 19:12:19,533 - INFO - Loading the register page
2024-06-10 19:12:30,747 - INFO - Loading the register page
2024-06-10 19:16:54,813 - INFO - Loading the register page
2024-06-10 19:16:59,849 - INFO - Loading the home page
2024-06-10 19:17:03,230 - INFO - Loading the register page
2024-06-10 19:17:06,652 - INFO - user:vishnu account has been created
2024-06-10 19:17:16,893 - INFO - Loading the register page
2024-06-10 19:18:06,295 - INFO - Loading the login page
2024-06-10 19:18:13,224 - INFO - Loading the login page
2024-06-10 19:18:14,193 - INFO - user:vishnu has logged in successfully
2024-06-10 19:18:14,422 - INFO - Loading the dashboard
2024-06-10 19:18:21,135 - INFO - Loading the weather search page
2024-06-10 19:18:21,136 - INFO - The city : hyderabad was given for the search
2024-06-10 19:18:47,258 - INFO - Loading the weather search page
2024-06-10 19:18:47,260 - INFO - The city : kakinada was given for the search
2024-06-10 19:18:53,955 - INFO - Loading the weather search page
2024-06-10 19:18:53,957 - INFO - The city : alwal was given for the search
